[2021-08-11 12:45:38] merlin-logger.DEBUG: The welcome step has been displayed [] []
[2021-08-11 12:45:44] merlin-logger.DEBUG: The plugin installation step has been displayed [] []
[2021-08-11 12:45:54] merlin-logger.DEBUG: A plugin with the following data will be processed {"plugin_slug":"jetpack","message":"Installing"} []
[2021-08-11 12:46:27] merlin-logger.DEBUG: A plugin with the following data will be processed {"plugin_slug":"jetpack","message":"Activating"} []
[2021-08-11 12:46:30] merlin-logger.DEBUG: A plugin with the following data was processed {"plugin_slug":"jetpack"} []
[2021-08-11 12:46:31] merlin-logger.DEBUG: A plugin with the following data will be processed {"plugin_slug":"kirki","message":"Installing"} []
[2021-08-11 12:46:51] merlin-logger.DEBUG: The content import step has been displayed [] []
[2021-08-11 12:47:07] merlin-logger.INFO: The content import AJAX call will be executed with this import data {"title":"Content","data":"C:\\wamp64\\www\\smoothmaker/wp-content/uploads/2021/08/content-2021-08-11__12-47-04.xml"} []
[2021-08-11 12:47:07] merlin-logger.INFO: Imported "Fashion" (category) [] []
[2021-08-11 12:47:07] merlin-logger.DEBUG: Term 2 remapped to 9 [] []
[2021-08-11 12:47:07] merlin-logger.INFO: Imported "Inspiration" (category) [] []
[2021-08-11 12:47:07] merlin-logger.DEBUG: Term 4 remapped to 10 [] []
[2021-08-11 12:47:07] merlin-logger.INFO: Imported "Lifestyle" (category) [] []
[2021-08-11 12:47:07] merlin-logger.DEBUG: Term 3 remapped to 11 [] []
[2021-08-11 12:47:07] merlin-logger.INFO: Imported "Uncategorized" (category) [] []
[2021-08-11 12:47:07] merlin-logger.DEBUG: Term 1 remapped to 12 [] []
[2021-08-11 12:47:07] merlin-logger.INFO: Imported "Menu" (nav_menu) [] []
[2021-08-11 12:47:07] merlin-logger.DEBUG: Term 5 remapped to 13 [] []
[2021-08-11 12:47:07] merlin-logger.INFO: Imported "Social Menu" (nav_menu) [] []
[2021-08-11 12:47:07] merlin-logger.DEBUG: Term 6 remapped to 14 [] []
[2021-08-11 12:47:07] merlin-logger.INFO: Imported "post1.1" (Fichier média) [] []
[2021-08-11 12:47:07] merlin-logger.DEBUG: Post 52 remapped to 79 [] []
[2021-08-11 12:47:08] merlin-logger.INFO: Imported "post2.2" (Fichier média) [] []
[2021-08-11 12:47:08] merlin-logger.DEBUG: Post 62 remapped to 80 [] []
[2021-08-11 12:47:08] merlin-logger.INFO: Imported "post3.1" (Fichier média) [] []
[2021-08-11 12:47:08] merlin-logger.DEBUG: Post 73 remapped to 81 [] []
[2021-08-11 12:47:09] merlin-logger.INFO: Imported "post6.1" (Fichier média) [] []
[2021-08-11 12:47:09] merlin-logger.DEBUG: Post 114 remapped to 114 [] []
[2021-08-11 12:47:09] merlin-logger.INFO: Imported "post-li12" (Fichier média) [] []
[2021-08-11 12:47:09] merlin-logger.DEBUG: Post 670 remapped to 670 [] []
[2021-08-11 12:47:11] merlin-logger.INFO: Imported "post-li3" (Fichier média) [] []
[2021-08-11 12:47:11] merlin-logger.DEBUG: Post 673 remapped to 673 [] []
[2021-08-11 12:47:11] merlin-logger.INFO: Imported "post-li5" (Fichier média) [] []
[2021-08-11 12:47:11] merlin-logger.DEBUG: Post 675 remapped to 675 [] []
[2021-08-11 12:47:13] merlin-logger.INFO: Imported "post-li4" (Fichier média) [] []
[2021-08-11 12:47:13] merlin-logger.DEBUG: Post 677 remapped to 677 [] []
[2021-08-11 12:47:15] merlin-logger.INFO: Imported "post-li7" (Fichier média) [] []
[2021-08-11 12:47:15] merlin-logger.DEBUG: Post 678 remapped to 678 [] []
[2021-08-11 12:47:16] merlin-logger.INFO: Imported "post-li6" (Fichier média) [] []
[2021-08-11 12:47:16] merlin-logger.DEBUG: Post 680 remapped to 680 [] []
[2021-08-11 12:47:17] merlin-logger.INFO: Imported "post-li10" (Fichier média) [] []
[2021-08-11 12:47:17] merlin-logger.DEBUG: Post 682 remapped to 682 [] []
[2021-08-11 12:47:18] merlin-logger.INFO: Imported "post-li13" (Fichier média) [] []
[2021-08-11 12:47:18] merlin-logger.DEBUG: Post 684 remapped to 684 [] []
[2021-08-11 12:47:19] merlin-logger.INFO: Imported "post-li1" (Fichier média) [] []
[2021-08-11 12:47:19] merlin-logger.DEBUG: Post 685 remapped to 685 [] []
[2021-08-11 12:47:22] merlin-logger.INFO: Imported "post-li14" (Fichier média) [] []
[2021-08-11 12:47:22] merlin-logger.DEBUG: Post 687 remapped to 687 [] []
[2021-08-11 12:47:22] merlin-logger.INFO: Imported "post-li16" (Fichier média) [] []
[2021-08-11 12:47:22] merlin-logger.DEBUG: Post 688 remapped to 688 [] []
[2021-08-11 12:47:23] merlin-logger.INFO: Imported "post-li17" (Fichier média) [] []
[2021-08-11 12:47:23] merlin-logger.DEBUG: Post 690 remapped to 690 [] []
[2021-08-11 12:47:23] merlin-logger.INFO: Imported "post-li18" (Fichier média) [] []
[2021-08-11 12:47:23] merlin-logger.DEBUG: Post 692 remapped to 692 [] []
[2021-08-11 12:47:24] merlin-logger.INFO: Imported "post-li19" (Fichier média) [] []
[2021-08-11 12:47:24] merlin-logger.DEBUG: Post 694 remapped to 694 [] []
[2021-08-11 12:47:24] merlin-logger.INFO: Imported "post-li20" (Fichier média) [] []
[2021-08-11 12:47:24] merlin-logger.DEBUG: Post 695 remapped to 695 [] []
[2021-08-11 12:47:25] merlin-logger.INFO: Imported "logo" (Fichier média) [] []
[2021-08-11 12:47:25] merlin-logger.DEBUG: Post 697 remapped to 697 [] []
[2021-08-11 12:47:25] merlin-logger.INFO: Imported "The Best Street Style Looks From Paris Fashion Week" (Article) [] []
[2021-08-11 12:47:25] merlin-logger.DEBUG: Post 14 remapped to 698 [] []
[2021-08-11 12:47:25] merlin-logger.INFO: Imported "Interview: Erica Jensen" (Article) [] []
[2021-08-11 12:47:25] merlin-logger.DEBUG: Post 54 remapped to 699 [] []
[2021-08-11 12:47:25] merlin-logger.INFO: Imported "Behind the Scenes of the Warm Weather Collection" (Article) [] []
[2021-08-11 12:47:25] merlin-logger.DEBUG: Post 77 remapped to 700 [] []
[2021-08-11 12:47:25] merlin-logger.INFO: Imported "New season, New You" (Article) [] []
[2021-08-11 12:47:25] merlin-logger.DEBUG: Post 119 remapped to 119 [] []
[2021-08-11 12:47:25] merlin-logger.INFO: Imported "Fall Inspiration" (Article) [] []
[2021-08-11 12:47:25] merlin-logger.DEBUG: Post 130 remapped to 130 [] []
[2021-08-11 12:47:25] merlin-logger.INFO: Imported "Colors You Should Be Wearing This Season" (Article) [] []
[2021-08-11 12:47:25] merlin-logger.DEBUG: Post 157 remapped to 157 [] []
[2021-08-11 12:47:25] merlin-logger.INFO: Imported "Trend Report: White Noise" (Article) [] []
[2021-08-11 12:47:25] merlin-logger.DEBUG: Post 168 remapped to 168 [] []
[2021-08-11 12:47:25] merlin-logger.INFO: Imported "Choosing the Right Frame" (Article) [] []
[2021-08-11 12:47:25] merlin-logger.DEBUG: Post 171 remapped to 171 [] []
[2021-08-11 12:47:25] merlin-logger.INFO: Imported "About" (Page) [] []
[2021-08-11 12:47:25] merlin-logger.DEBUG: Post 638 remapped to 638 [] []
[2021-08-11 12:47:25] merlin-logger.INFO: Imported "Contact" (Page) [] []
[2021-08-11 12:47:25] merlin-logger.DEBUG: Post 640 remapped to 640 [] []
[2021-08-11 12:47:25] merlin-logger.INFO: Imported "Home" (Élément de menu de navigation) [] []
[2021-08-11 12:47:25] merlin-logger.DEBUG: Post 642 remapped to 642 [] []
[2021-08-11 12:47:25] merlin-logger.DEBUG: Processing menu item custom [] []
[2021-08-11 12:47:25] merlin-logger.DEBUG: Menu item 642 mapped to 642 [] []
[2021-08-11 12:47:25] merlin-logger.INFO: Imported "" (Élément de menu de navigation) [] []
[2021-08-11 12:47:25] merlin-logger.DEBUG: Post 643 remapped to 643 [] []
[2021-08-11 12:47:25] merlin-logger.DEBUG: Processing menu item post_type [] []
[2021-08-11 12:47:25] merlin-logger.DEBUG: Menu item 638 mapped to 638 [] []
[2021-08-11 12:47:25] merlin-logger.INFO: Imported "" (Élément de menu de navigation) [] []
[2021-08-11 12:47:25] merlin-logger.DEBUG: Post 644 remapped to 644 [] []
[2021-08-11 12:47:25] merlin-logger.DEBUG: Processing menu item post_type [] []
[2021-08-11 12:47:25] merlin-logger.DEBUG: Menu item 640 mapped to 640 [] []
[2021-08-11 12:47:25] merlin-logger.INFO: Imported "site-logo" (Fichier média) [] []
[2021-08-11 12:47:25] merlin-logger.DEBUG: Post 698 remapped to 701 [] []
[2021-08-11 12:47:26] merlin-logger.INFO: Imported "cropped-site-logo.png" (Fichier média) [] []
[2021-08-11 12:47:26] merlin-logger.DEBUG: Post 699 remapped to 702 [] []
[2021-08-11 12:47:26] merlin-logger.INFO: Imported "about3" (Fichier média) [] []
[2021-08-11 12:47:26] merlin-logger.DEBUG: Post 701 remapped to 703 [] []
[2021-08-11 12:47:26] merlin-logger.INFO: Imported "Facebook" (Élément de menu de navigation) [] []
[2021-08-11 12:47:26] merlin-logger.DEBUG: Post 714 remapped to 714 [] []
[2021-08-11 12:47:26] merlin-logger.DEBUG: Processing menu item custom [] []
[2021-08-11 12:47:26] merlin-logger.DEBUG: Menu item 714 mapped to 714 [] []
[2021-08-11 12:47:26] merlin-logger.INFO: Imported "Twitter" (Élément de menu de navigation) [] []
[2021-08-11 12:47:26] merlin-logger.DEBUG: Post 715 remapped to 715 [] []
[2021-08-11 12:47:26] merlin-logger.DEBUG: Processing menu item custom [] []
[2021-08-11 12:47:26] merlin-logger.DEBUG: Menu item 715 mapped to 715 [] []
[2021-08-11 12:47:26] merlin-logger.INFO: Imported "Instagram" (Élément de menu de navigation) [] []
[2021-08-11 12:47:26] merlin-logger.DEBUG: Post 716 remapped to 716 [] []
[2021-08-11 12:47:26] merlin-logger.DEBUG: Processing menu item custom [] []
[2021-08-11 12:47:26] merlin-logger.DEBUG: Menu item 716 mapped to 716 [] []
[2021-08-11 12:47:26] merlin-logger.INFO: Imported "Pinterest" (Élément de menu de navigation) [] []
[2021-08-11 12:47:26] merlin-logger.DEBUG: Post 717 remapped to 717 [] []
[2021-08-11 12:47:26] merlin-logger.DEBUG: Processing menu item custom [] []
[2021-08-11 12:47:26] merlin-logger.DEBUG: Menu item 717 mapped to 717 [] []
[2021-08-11 12:47:26] merlin-logger.INFO: Imported "Enhance Your Summer Look With These Style Tips" (Article) [] []
[2021-08-11 12:47:26] merlin-logger.DEBUG: Post 64 remapped to 718 [] []
[2021-08-11 12:47:27] merlin-logger.INFO: Imported "Blue Jeans, Baby" (Article) [] []
[2021-08-11 12:47:27] merlin-logger.DEBUG: Post 112 remapped to 112 [] []
[2021-08-11 12:47:27] merlin-logger.DEBUG: Running post-processing for post 79 [] []
[2021-08-11 12:47:27] merlin-logger.WARNING: Could not find the author for "post1.1" (post #79) [] []
[2021-08-11 12:47:27] merlin-logger.DEBUG: Post 79 was imported with author "admin", but could not be found [] []
[2021-08-11 12:47:27] merlin-logger.DEBUG: Post 79 was marked for post-processing, but none was required. [] []
[2021-08-11 12:47:27] merlin-logger.DEBUG: Running post-processing for post 80 [] []
[2021-08-11 12:47:27] merlin-logger.WARNING: Could not find the author for "post2.2" (post #80) [] []
[2021-08-11 12:47:27] merlin-logger.DEBUG: Post 80 was imported with author "admin", but could not be found [] []
[2021-08-11 12:47:27] merlin-logger.DEBUG: Post 80 was marked for post-processing, but none was required. [] []
[2021-08-11 12:47:27] merlin-logger.DEBUG: Running post-processing for post 81 [] []
[2021-08-11 12:47:27] merlin-logger.WARNING: Could not find the author for "post3.1" (post #81) [] []
[2021-08-11 12:47:27] merlin-logger.DEBUG: Post 81 was imported with author "admin", but could not be found [] []
[2021-08-11 12:47:27] merlin-logger.DEBUG: Post 81 was marked for post-processing, but none was required. [] []
[2021-08-11 12:47:27] merlin-logger.DEBUG: Running post-processing for post 114 [] []
[2021-08-11 12:47:27] merlin-logger.WARNING: Could not find the author for "post6.1" (post #114) [] []
[2021-08-11 12:47:27] merlin-logger.DEBUG: Post 114 was imported with author "admin", but could not be found [] []
[2021-08-11 12:47:27] merlin-logger.DEBUG: Post 114 was marked for post-processing, but none was required. [] []
[2021-08-11 12:47:27] merlin-logger.DEBUG: Running post-processing for post 670 [] []
[2021-08-11 12:47:27] merlin-logger.WARNING: Could not find the author for "post-li12" (post #670) [] []
[2021-08-11 12:47:27] merlin-logger.DEBUG: Post 670 was imported with author "admin", but could not be found [] []
[2021-08-11 12:47:27] merlin-logger.DEBUG: Running post-processing for post 673 [] []
[2021-08-11 12:47:27] merlin-logger.WARNING: Could not find the author for "post-li3" (post #673) [] []
[2021-08-11 12:47:27] merlin-logger.DEBUG: Post 673 was imported with author "admin", but could not be found [] []
[2021-08-11 12:47:27] merlin-logger.DEBUG: Running post-processing for post 675 [] []
[2021-08-11 12:47:27] merlin-logger.WARNING: Could not find the author for "post-li5" (post #675) [] []
[2021-08-11 12:47:27] merlin-logger.DEBUG: Post 675 was imported with author "admin", but could not be found [] []
[2021-08-11 12:47:27] merlin-logger.DEBUG: Running post-processing for post 677 [] []
[2021-08-11 12:47:27] merlin-logger.WARNING: Could not find the author for "post-li4" (post #677) [] []
[2021-08-11 12:47:27] merlin-logger.DEBUG: Post 677 was imported with author "admin", but could not be found [] []
[2021-08-11 12:47:27] merlin-logger.DEBUG: Running post-processing for post 678 [] []
[2021-08-11 12:47:27] merlin-logger.WARNING: Could not find the author for "post-li7" (post #678) [] []
[2021-08-11 12:47:27] merlin-logger.DEBUG: Post 678 was imported with author "admin", but could not be found [] []
[2021-08-11 12:47:27] merlin-logger.DEBUG: Running post-processing for post 680 [] []
[2021-08-11 12:47:27] merlin-logger.WARNING: Could not find the author for "post-li6" (post #680) [] []
[2021-08-11 12:47:27] merlin-logger.DEBUG: Post 680 was imported with author "admin", but could not be found [] []
[2021-08-11 12:47:27] merlin-logger.DEBUG: Running post-processing for post 682 [] []
[2021-08-11 12:47:27] merlin-logger.WARNING: Could not find the author for "post-li10" (post #682) [] []
[2021-08-11 12:47:27] merlin-logger.DEBUG: Post 682 was imported with author "admin", but could not be found [] []
[2021-08-11 12:47:27] merlin-logger.DEBUG: Running post-processing for post 684 [] []
[2021-08-11 12:47:27] merlin-logger.WARNING: Could not find the author for "post-li13" (post #684) [] []
[2021-08-11 12:47:27] merlin-logger.DEBUG: Post 684 was imported with author "admin", but could not be found [] []
[2021-08-11 12:47:27] merlin-logger.DEBUG: Running post-processing for post 685 [] []
[2021-08-11 12:47:27] merlin-logger.WARNING: Could not find the author for "post-li1" (post #685) [] []
[2021-08-11 12:47:27] merlin-logger.DEBUG: Post 685 was imported with author "admin", but could not be found [] []
[2021-08-11 12:47:27] merlin-logger.DEBUG: Running post-processing for post 687 [] []
[2021-08-11 12:47:27] merlin-logger.WARNING: Could not find the author for "post-li14" (post #687) [] []
[2021-08-11 12:47:27] merlin-logger.DEBUG: Post 687 was imported with author "admin", but could not be found [] []
[2021-08-11 12:47:27] merlin-logger.DEBUG: Running post-processing for post 688 [] []
[2021-08-11 12:47:27] merlin-logger.WARNING: Could not find the author for "post-li16" (post #688) [] []
[2021-08-11 12:47:27] merlin-logger.DEBUG: Post 688 was imported with author "admin", but could not be found [] []
[2021-08-11 12:47:27] merlin-logger.DEBUG: Running post-processing for post 690 [] []
[2021-08-11 12:47:27] merlin-logger.WARNING: Could not find the author for "post-li17" (post #690) [] []
[2021-08-11 12:47:27] merlin-logger.DEBUG: Post 690 was imported with author "admin", but could not be found [] []
[2021-08-11 12:47:27] merlin-logger.DEBUG: Running post-processing for post 692 [] []
[2021-08-11 12:47:27] merlin-logger.WARNING: Could not find the author for "post-li18" (post #692) [] []
[2021-08-11 12:47:27] merlin-logger.DEBUG: Post 692 was imported with author "admin", but could not be found [] []
[2021-08-11 12:47:27] merlin-logger.DEBUG: Running post-processing for post 694 [] []
[2021-08-11 12:47:27] merlin-logger.WARNING: Could not find the author for "post-li19" (post #694) [] []
[2021-08-11 12:47:27] merlin-logger.DEBUG: Post 694 was imported with author "admin", but could not be found [] []
[2021-08-11 12:47:27] merlin-logger.DEBUG: Running post-processing for post 695 [] []
[2021-08-11 12:47:27] merlin-logger.WARNING: Could not find the author for "post-li20" (post #695) [] []
[2021-08-11 12:47:27] merlin-logger.DEBUG: Post 695 was imported with author "admin", but could not be found [] []
[2021-08-11 12:47:27] merlin-logger.DEBUG: Running post-processing for post 697 [] []
[2021-08-11 12:47:27] merlin-logger.WARNING: Could not find the author for "logo" (post #697) [] []
[2021-08-11 12:47:27] merlin-logger.DEBUG: Post 697 was imported with author "admin", but could not be found [] []
[2021-08-11 12:47:27] merlin-logger.DEBUG: Post 697 was marked for post-processing, but none was required. [] []
[2021-08-11 12:47:27] merlin-logger.DEBUG: Running post-processing for post 698 [] []
[2021-08-11 12:47:27] merlin-logger.WARNING: Could not find the author for "The Best Street Style Looks From Paris Fashion Week" (post #698) [] []
[2021-08-11 12:47:27] merlin-logger.DEBUG: Post 698 was imported with author "admin", but could not be found [] []
[2021-08-11 12:47:27] merlin-logger.DEBUG: Running post-processing for post 699 [] []
[2021-08-11 12:47:27] merlin-logger.WARNING: Could not find the author for "Interview: Erica Jensen" (post #699) [] []
[2021-08-11 12:47:27] merlin-logger.DEBUG: Post 699 was imported with author "admin", but could not be found [] []
[2021-08-11 12:47:27] merlin-logger.DEBUG: Post 699 was marked for post-processing, but none was required. [] []
[2021-08-11 12:47:27] merlin-logger.DEBUG: Running post-processing for post 700 [] []
[2021-08-11 12:47:27] merlin-logger.WARNING: Could not find the author for "Behind the Scenes of the Warm Weather Collection" (post #700) [] []
[2021-08-11 12:47:27] merlin-logger.DEBUG: Post 700 was imported with author "admin", but could not be found [] []
[2021-08-11 12:47:27] merlin-logger.DEBUG: Running post-processing for post 119 [] []
[2021-08-11 12:47:27] merlin-logger.WARNING: Could not find the author for "New season, New You" (post #119) [] []
[2021-08-11 12:47:27] merlin-logger.DEBUG: Post 119 was imported with author "admin", but could not be found [] []
[2021-08-11 12:47:27] merlin-logger.DEBUG: Running post-processing for post 130 [] []
[2021-08-11 12:47:27] merlin-logger.WARNING: Could not find the author for "Fall Inspiration" (post #130) [] []
[2021-08-11 12:47:27] merlin-logger.DEBUG: Post 130 was imported with author "admin", but could not be found [] []
[2021-08-11 12:47:27] merlin-logger.DEBUG: Post 130 was marked for post-processing, but none was required. [] []
[2021-08-11 12:47:27] merlin-logger.DEBUG: Running post-processing for post 157 [] []
[2021-08-11 12:47:27] merlin-logger.WARNING: Could not find the author for "Colors You Should Be Wearing This Season" (post #157) [] []
[2021-08-11 12:47:27] merlin-logger.DEBUG: Post 157 was imported with author "admin", but could not be found [] []
[2021-08-11 12:47:27] merlin-logger.DEBUG: Running post-processing for post 168 [] []
[2021-08-11 12:47:27] merlin-logger.WARNING: Could not find the author for "Trend Report: White Noise" (post #168) [] []
[2021-08-11 12:47:27] merlin-logger.DEBUG: Post 168 was imported with author "admin", but could not be found [] []
[2021-08-11 12:47:27] merlin-logger.DEBUG: Running post-processing for post 171 [] []
[2021-08-11 12:47:27] merlin-logger.WARNING: Could not find the author for "Choosing the Right Frame" (post #171) [] []
[2021-08-11 12:47:27] merlin-logger.DEBUG: Post 171 was imported with author "admin", but could not be found [] []
[2021-08-11 12:47:27] merlin-logger.DEBUG: Running post-processing for post 638 [] []
[2021-08-11 12:47:27] merlin-logger.WARNING: Could not find the author for "About" (post #638) [] []
[2021-08-11 12:47:27] merlin-logger.DEBUG: Post 638 was imported with author "admin", but could not be found [] []
[2021-08-11 12:47:27] merlin-logger.DEBUG: Running post-processing for post 640 [] []
[2021-08-11 12:47:27] merlin-logger.WARNING: Could not find the author for "Contact" (post #640) [] []
[2021-08-11 12:47:27] merlin-logger.DEBUG: Post 640 was imported with author "admin", but could not be found [] []
[2021-08-11 12:47:27] merlin-logger.DEBUG: Post 640 was marked for post-processing, but none was required. [] []
[2021-08-11 12:47:27] merlin-logger.DEBUG: Running post-processing for post 642 [] []
[2021-08-11 12:47:27] merlin-logger.WARNING: Could not find the author for "Home" (post #642) [] []
[2021-08-11 12:47:27] merlin-logger.DEBUG: Post 642 was imported with author "admin", but could not be found [] []
[2021-08-11 12:47:27] merlin-logger.DEBUG: Post 642 was marked for post-processing, but none was required. [] []
[2021-08-11 12:47:27] merlin-logger.DEBUG: Running post-processing for post 643 [] []
[2021-08-11 12:47:27] merlin-logger.WARNING: Could not find the author for "" (post #643) [] []
[2021-08-11 12:47:27] merlin-logger.DEBUG: Post 643 was imported with author "admin", but could not be found [] []
[2021-08-11 12:47:27] merlin-logger.DEBUG: Post 643 was marked for post-processing, but none was required. [] []
[2021-08-11 12:47:27] merlin-logger.DEBUG: Running post-processing for post 644 [] []
[2021-08-11 12:47:27] merlin-logger.WARNING: Could not find the author for "" (post #644) [] []
[2021-08-11 12:47:27] merlin-logger.DEBUG: Post 644 was imported with author "admin", but could not be found [] []
[2021-08-11 12:47:27] merlin-logger.DEBUG: Post 644 was marked for post-processing, but none was required. [] []
[2021-08-11 12:47:27] merlin-logger.DEBUG: Running post-processing for post 701 [] []
[2021-08-11 12:47:27] merlin-logger.WARNING: Could not find the author for "site-logo" (post #701) [] []
[2021-08-11 12:47:27] merlin-logger.DEBUG: Post 701 was imported with author "admin", but could not be found [] []
[2021-08-11 12:47:27] merlin-logger.DEBUG: Post 701 was marked for post-processing, but none was required. [] []
[2021-08-11 12:47:27] merlin-logger.DEBUG: Running post-processing for post 702 [] []
[2021-08-11 12:47:27] merlin-logger.WARNING: Could not find the author for "cropped-site-logo.png" (post #702) [] []
[2021-08-11 12:47:27] merlin-logger.DEBUG: Post 702 was imported with author "admin", but could not be found [] []
[2021-08-11 12:47:27] merlin-logger.DEBUG: Post 702 was marked for post-processing, but none was required. [] []
[2021-08-11 12:47:27] merlin-logger.DEBUG: Running post-processing for post 703 [] []
[2021-08-11 12:47:27] merlin-logger.WARNING: Could not find the author for "about3" (post #703) [] []
[2021-08-11 12:47:27] merlin-logger.DEBUG: Post 703 was imported with author "admin", but could not be found [] []
[2021-08-11 12:47:27] merlin-logger.DEBUG: Post 703 was marked for post-processing, but none was required. [] []
[2021-08-11 12:47:27] merlin-logger.DEBUG: Running post-processing for post 714 [] []
[2021-08-11 12:47:27] merlin-logger.WARNING: Could not find the author for "Facebook" (post #714) [] []
[2021-08-11 12:47:27] merlin-logger.DEBUG: Post 714 was imported with author "admin", but could not be found [] []
[2021-08-11 12:47:27] merlin-logger.DEBUG: Post 714 was marked for post-processing, but none was required. [] []
[2021-08-11 12:47:27] merlin-logger.DEBUG: Running post-processing for post 715 [] []
[2021-08-11 12:47:27] merlin-logger.WARNING: Could not find the author for "Twitter" (post #715) [] []
[2021-08-11 12:47:27] merlin-logger.DEBUG: Post 715 was imported with author "admin", but could not be found [] []
[2021-08-11 12:47:27] merlin-logger.DEBUG: Post 715 was marked for post-processing, but none was required. [] []
[2021-08-11 12:47:27] merlin-logger.DEBUG: Running post-processing for post 716 [] []
[2021-08-11 12:47:27] merlin-logger.WARNING: Could not find the author for "Instagram" (post #716) [] []
[2021-08-11 12:47:27] merlin-logger.DEBUG: Post 716 was imported with author "admin", but could not be found [] []
[2021-08-11 12:47:27] merlin-logger.DEBUG: Post 716 was marked for post-processing, but none was required. [] []
[2021-08-11 12:47:27] merlin-logger.DEBUG: Running post-processing for post 717 [] []
[2021-08-11 12:47:27] merlin-logger.WARNING: Could not find the author for "Pinterest" (post #717) [] []
[2021-08-11 12:47:27] merlin-logger.DEBUG: Post 717 was imported with author "admin", but could not be found [] []
[2021-08-11 12:47:27] merlin-logger.DEBUG: Post 717 was marked for post-processing, but none was required. [] []
[2021-08-11 12:47:27] merlin-logger.DEBUG: Running post-processing for post 718 [] []
[2021-08-11 12:47:27] merlin-logger.WARNING: Could not find the author for "Enhance Your Summer Look With These Style Tips" (post #718) [] []
[2021-08-11 12:47:27] merlin-logger.DEBUG: Post 718 was imported with author "admin", but could not be found [] []
[2021-08-11 12:47:27] merlin-logger.DEBUG: Running post-processing for post 112 [] []
[2021-08-11 12:47:27] merlin-logger.WARNING: Could not find the author for "Blue Jeans, Baby" (post #112) [] []
[2021-08-11 12:47:27] merlin-logger.DEBUG: Post 112 was imported with author "admin", but could not be found [] []
[2021-08-11 12:47:27] merlin-logger.INFO: Starting remapping of featured images [] []
[2021-08-11 12:47:27] merlin-logger.DEBUG: The blog page was set {"blog_page_id":"[object] (WP_Post: {\"ID\":9,\"post_author\":\"1\",\"post_date\":\"2021-08-11 11:14:45\",\"post_date_gmt\":\"0000-00-00 00:00:00\",\"post_content\":\"\",\"post_title\":\"Blog\",\"post_excerpt\":\"\",\"post_status\":\"auto-draft\",\"comment_status\":\"closed\",\"ping_status\":\"closed\",\"post_password\":\"\",\"post_name\":\"\",\"to_ping\":\"\",\"pinged\":\"\",\"post_modified\":\"2021-08-11 11:14:45\",\"post_modified_gmt\":\"0000-00-00 00:00:00\",\"post_content_filtered\":\"\",\"post_parent\":0,\"guid\":\"http://localhost/smoothmaker/?page_id=9\",\"menu_order\":0,\"post_type\":\"page\",\"post_mime_type\":\"\",\"comment_count\":\"0\",\"filter\":\"raw\"})"} []
[2021-08-11 12:47:29] merlin-logger.INFO: The content import AJAX call will be executed with this import data {"title":"Widgets","data":"C:\\wamp64\\www\\smoothmaker/wp-content/uploads/2021/08/widgets-2021-08-11__12-47-04.json"} []
[2021-08-11 12:47:29] merlin-logger.DEBUG: Sidebar :   Texte - No Title - Imported Menu de navigation - Folow - Imported   [] []
[2021-08-11 12:47:30] merlin-logger.INFO: The content import AJAX call will be executed with this import data {"title":"Options","data":"C:\\wamp64\\www\\smoothmaker/wp-content/uploads/2021/08/options-2021-08-11__12-47-04.dat"} []
[2021-08-11 12:47:30] merlin-logger.INFO: The customizer import has finished successfully [] []
[2021-08-11 12:47:35] merlin-logger.DEBUG: The final step has been displayed [] []
